c:\users\vinip\source\repos\bahamut engine\x64\debug\vc143.pdb
c:\users\vinip\source\repos\bahamut engine\x64\debug\vc143.idb
c:\users\vinip\source\repos\bahamut engine\x64\debug\bhm_texture.obj
c:\users\vinip\source\repos\bahamut engine\x64\debug\bhm_sprite.obj
c:\users\vinip\source\repos\bahamut engine\x64\debug\bhm_shape.obj
c:\users\vinip\source\repos\bahamut engine\x64\debug\bhm_sdl_gui.obj
c:\users\vinip\source\repos\bahamut engine\x64\debug\bhm_runner.obj
c:\users\vinip\source\repos\bahamut engine\x64\debug\bhm_renderer_set.obj
c:\users\vinip\source\repos\bahamut engine\x64\debug\bhm_renderer_manager.obj
c:\users\vinip\source\repos\bahamut engine\x64\debug\bhm_renderer.obj
c:\users\vinip\source\repos\bahamut engine\x64\debug\bhm_rectangle.obj
c:\users\vinip\source\repos\bahamut engine\x64\debug\bhm_object.obj
c:\users\vinip\source\repos\bahamut engine\x64\debug\bhm_loop_bond_command.obj
c:\users\vinip\source\repos\bahamut engine\x64\debug\bhm_init.obj
c:\users\vinip\source\repos\bahamut engine\x64\debug\bhm_full_sprite_bond_command.obj
c:\users\vinip\source\repos\bahamut engine\x64\debug\bhm_entity.obj
c:\users\vinip\source\repos\bahamut engine\x64\debug\bhm_config.obj
c:\users\vinip\source\repos\bahamut engine\x64\debug\bhm_concrete_component.obj
c:\users\vinip\source\repos\bahamut engine\x64\debug\bhm_component_queue_bond.obj
c:\users\vinip\source\repos\bahamut engine\x64\debug\bhm_component.obj
c:\users\vinip\source\repos\bahamut engine\x64\debug\bhm_collider.obj
c:\users\vinip\source\repos\bahamut engine\x64\debug\bahamut engine.obj
c:\users\vinip\source\repos\bahamut engine\x64\debug\myrunner.obj
c:\users\vinip\source\repos\bahamut engine\x64\debug\myrm.obj
c:\users\vinip\source\repos\bahamut engine\x64\debug\myrenderer.obj
c:\users\vinip\source\repos\bahamut engine\x64\debug\mycomponent.obj
c:\users\vinip\source\repos\bahamut engine\x64\debug\bhm_vector2.obj
c:\users\vinip\source\repos\bahamut engine\x64\debug\bahamut engine.ilk
c:\users\vinip\source\repos\bahamut engine\x64\debug\bahamut engine.exe
c:\users\vinip\source\repos\bahamut engine\x64\debug\bahamut engine.pdb
c:\users\vinip\source\repos\bahamut engine\x64\debug\bahamut engine.tlog\cl.command.1.tlog
c:\users\vinip\source\repos\bahamut engine\x64\debug\bahamut engine.tlog\cl.read.1.tlog
c:\users\vinip\source\repos\bahamut engine\x64\debug\bahamut engine.tlog\cl.write.1.tlog
c:\users\vinip\source\repos\bahamut engine\x64\debug\bahamut engine.tlog\link.command.1.tlog
c:\users\vinip\source\repos\bahamut engine\x64\debug\bahamut engine.tlog\link.read.1.tlog
c:\users\vinip\source\repos\bahamut engine\x64\debug\bahamut engine.tlog\link.write.1.tlog
