  Bahamut Engine.cpp
  BHM_Collider.cpp
  BHM_Component.cpp
  BHM_Component_Queue_Bond.cpp
  BHM_Concrete_Component.cpp
  BHM_Config.cpp
  BHM_Entity.cpp
  BHM_Full_Sprite_Bond_Command.cpp
  BHM_Init.cpp
  BHM_Loop_Bond_Command.cpp
  BHM_Object.cpp
  BHM_Rectangle.cpp
  BHM_Renderer.cpp
  BHM_Renderer_Manager.cpp
  BHM_Renderer_Set.cpp
  BHM_Runner.cpp
  BHM_SDL_GUI.cpp
  BHM_Shape.cpp
  BHM_Sprite.cpp
  BHM_Texture.cpp
  Generating Code...
  Compiling...
  BHM_Vector2.cpp
  MyComponent.cpp
  MyRenderer.cpp
  MyRM.cpp
  MyRunner.cpp
  Generating Code...
  Bahamut Engine.vcxproj -> C:\Users\vinip\source\repos\Bahamut Engine\x64\Debug\Bahamut Engine.exe
